<?xml version="1.0" encoding="UTF-8"?>
<testsuite xmlns:xsi="http://www.w3.org/2001/XMLSchema-instance" xsi:noNamespaceSchemaLocation="https://maven.apache.org/surefire/maven-surefire-plugin/xsd/surefire-test-report.xsd" name="com.example.AppTest" time="0.618" tests="5" errors="0" skipped="0" failures="1">
  <properties>
[...]
</properties>
  <testcase name="testInvalidName" classname="com.example.AppTest" time="0.442">
    <failure message="expected: &lt;true&gt; but was: &lt;false&gt;" type="org.opentest4j.AssertionFailedError"><![CDATA[org.opentest4j.AssertionFailedError: expected: <true> but was: <false>
	at com.example.AppTest.testInvalidName(AppTest.java:45)
]]></failure>
    <system-err><![CDATA[Oct 03, 2023 8:30:25 AM org.hibernate.validator.internal.util.Version <clinit>
INFO: HV000001: Hibernate Validator 6.2.0.Final
Oct 03, 2023 8:30:25 AM org.springframework.mock.web.MockServletContext log
INFO: Initializing Spring TestDispatcherServlet ''
Oct 03, 2023 8:30:25 AM org.springframework.web.servlet.FrameworkServlet initServletBean
INFO: Initializing Servlet ''
Oct 03, 2023 8:30:25 AM org.springframework.web.servlet.FrameworkServlet initServletBean
INFO: Completed initialization in 2 ms
]]></system-err>
  </testcase>
  <testcase name="testRegisterUserWithValidData" classname="com.example.AppTest" time="0.112"/>
  <testcase name="testShowRegistrationForm" classname="com.example.AppTest" time="0.012"/>
  <testcase name="testInvalidPassword" classname="com.example.AppTest" time="0.035"/>
  <testcase name="testInvalidEmail" classname="com.example.AppTest" time="0.012"/>
</testsuite>